C:\Microsemi\Libero_SoC_v11.9\SynplifyPro\bin64\c_hdl.exe  -osyn  D:\SystemFiles\ESIGELEC-2021\Intro\synthesis\synwork\Top_comp.srs  -top  work.Top  -hdllog  D:\SystemFiles\ESIGELEC-2021\Intro\synthesis\synlog\Top_compiler.srr  -encrypt  -mp  4  -verification_mode 0  -vhdl  -prodtype  synplify_pro  -nram -fixsmult -divnmod  -encrypt  -pro  -dmgen  D:\SystemFiles\ESIGELEC-2021\Intro\synthesis\dm  -lite -ui -fid2 -ram -sharing on -ll 2000 -autosm  -vhdl2008  -ignore_undefined_lib  -lib work D:\SystemFiles\ESIGELEC-2021\Intro\hdl\FlashLED_control.vhd -lib work D:\SystemFiles\ESIGELEC-2021\Intro\hdl\FlashLED_control_wrapper.vhd -lib work D:\SystemFiles\ESIGELEC-2021\Intro\component\Actel\SmartFusionMSS\MSS\2.5.200\mss_comps.vhd -lib work D:\SystemFiles\ESIGELEC-2021\Intro\component\work\Intro\MSS_CCC_0\Intro_tmp_MSS_CCC_0_MSS_CCC.vhd -lib work D:\SystemFiles\ESIGELEC-2021\Intro\component\work\Intro\mss_tshell.vhd -lib work D:\SystemFiles\ESIGELEC-2021\Intro\component\work\Intro\Intro.vhd -lib COREAPB3_LIB D:\SystemFiles\ESIGELEC-2021\Intro\component\Actel\DirectCore\CoreAPB3\4.1.100\rtl\vhdl\core\coreapb3_muxptob3.vhd -lib COREAPB3_LIB D:\SystemFiles\ESIGELEC-2021\Intro\component\Actel\DirectCore\CoreAPB3\4.1.100\rtl\vhdl\core\coreapb3_iaddr_reg.vhd -lib COREAPB3_LIB D:\SystemFiles\ESIGELEC-2021\Intro\component\Actel\DirectCore\CoreAPB3\4.1.100\rtl\vhdl\core\coreapb3.vhd -lib CORETIMER_LIB D:\SystemFiles\ESIGELEC-2021\Intro\component\Actel\DirectCore\CoreTimer\2.0.103\rtl\vhdl\core\coretimer_pkg.vhd -lib CORETIMER_LIB D:\SystemFiles\ESIGELEC-2021\Intro\component\Actel\DirectCore\CoreTimer\2.0.103\rtl\vhdl\core\coretimer.vhd -lib COREAPB3_LIB D:\SystemFiles\ESIGELEC-2021\Intro\component\Actel\DirectCore\CoreAPB3\4.1.100\rtl\vhdl\core\components.vhd -lib work D:\SystemFiles\ESIGELEC-2021\Intro\component\work\Top\Top.vhd 
relcom:C:\Microsemi\Libero_SoC_v11.9\SynplifyPro\bin64\c_hdl.exe -osyn ..\synwork\Top_comp.srs -top work.Top -hdllog ..\synlog\Top_compiler.srr -encrypt -mp 4 -verification_mode 0 -vhdl -prodtype synplify_pro -nram -fixsmult -divnmod -encrypt -pro -dmgen ..\dm -lite -ui -fid2 -ram -sharing on -ll 2000 -autosm -vhdl2008 -ignore_undefined_lib -lib work ..\..\hdl\FlashLED_control.vhd -lib work ..\..\hdl\FlashLED_control_wrapper.vhd -lib work ..\..\component\Actel\SmartFusionMSS\MSS\2.5.200\mss_comps.vhd -lib work ..\..\component\work\Intro\MSS_CCC_0\Intro_tmp_MSS_CCC_0_MSS_CCC.vhd -lib work ..\..\component\work\Intro\mss_tshell.vhd -lib work ..\..\component\work\Intro\Intro.vhd -lib COREAPB3_LIB ..\..\component\Actel\DirectCore\CoreAPB3\4.1.100\rtl\vhdl\core\coreapb3_muxptob3.vhd -lib COREAPB3_LIB ..\..\component\Actel\DirectCore\CoreAPB3\4.1.100\rtl\vhdl\core\coreapb3_iaddr_reg.vhd -lib COREAPB3_LIB ..\..\component\Actel\DirectCore\CoreAPB3\4.1.100\rtl\vhdl\core\coreapb3.vhd -lib CORETIMER_LIB ..\..\component\Actel\DirectCore\CoreTimer\2.0.103\rtl\vhdl\core\coretimer_pkg.vhd -lib CORETIMER_LIB ..\..\component\Actel\DirectCore\CoreTimer\2.0.103\rtl\vhdl\core\coretimer.vhd -lib COREAPB3_LIB ..\..\component\Actel\DirectCore\CoreAPB3\4.1.100\rtl\vhdl\core\components.vhd -lib work ..\..\component\work\Top\Top.vhd
rc:0 success:1 runtime:5
file:..\synwork\Top_comp.srs|io:o|time:1607421284|size:41211|exec:0|csum:
file:..\synlog\Top_compiler.srr|io:o|time:1607421284|size:20577|exec:0|csum:
file:..\..\hdl\FlashLED_control.vhd|io:i|time:1607414885|size:1499|exec:0|csum:62E3591E81D5EFD85D37D822460FFA86
file:..\..\hdl\FlashLED_control_wrapper.vhd|io:i|time:1607414647|size:1663|exec:0|csum:3C3D437DFBE879E5F17C36CDF4369DBB
file:..\..\component\Actel\SmartFusionMSS\MSS\2.5.200\mss_comps.vhd|io:i|time:1606906121|size:17580|exec:0|csum:E9530B114D4AA81F705EDF206EBA38EC
file:..\..\component\work\Intro\MSS_CCC_0\Intro_tmp_MSS_CCC_0_MSS_CCC.vhd|io:i|time:1606906114|size:6915|exec:0|csum:D6C544013DBFA8EA3E6730D3095EA729
file:..\..\component\work\Intro\mss_tshell.vhd|io:i|time:1606906118|size:22849|exec:0|csum:0C20D2CD914E54FB9F3A5A908724848B
file:..\..\component\work\Intro\Intro.vhd|io:i|time:1606906121|size:34437|exec:0|csum:984570B899380E1BD72254B471234875
file:..\..\component\Actel\DirectCore\CoreAPB3\4.1.100\rtl\vhdl\core\coreapb3_muxptob3.vhd|io:i|time:1606906151|size:9523|exec:0|csum:166E2BA6F52A536E11FCF6902536D8CE
file:..\..\component\Actel\DirectCore\CoreAPB3\4.1.100\rtl\vhdl\core\coreapb3_iaddr_reg.vhd|io:i|time:1606906151|size:5757|exec:0|csum:9C3ABB8D0587E6962D54E97A5AA5BAF8
file:..\..\component\Actel\DirectCore\CoreAPB3\4.1.100\rtl\vhdl\core\coreapb3.vhd|io:i|time:1606906151|size:78851|exec:0|csum:36957B5F9429A9E77D00FCBC171BC05B
file:..\..\component\Actel\DirectCore\CoreTimer\2.0.103\rtl\vhdl\core\coretimer_pkg.vhd|io:i|time:1606906152|size:1142|exec:0|csum:283DFC0666402AB1C27E5377AD6879E3
file:..\..\component\Actel\DirectCore\CoreTimer\2.0.103\rtl\vhdl\core\coretimer.vhd|io:i|time:1606906152|size:19422|exec:0|csum:4C2BC95B185CBA24610330FF08023537
file:..\..\component\Actel\DirectCore\CoreAPB3\4.1.100\rtl\vhdl\core\components.vhd|io:i|time:1606906151|size:6172|exec:0|csum:BFD7D185F55B8717479E2EF651378CCA
file:..\..\component\work\Top\Top.vhd|io:i|time:1607415013|size:18914|exec:0|csum:5C1813931D209DB5FD9D8BDAF9EE1687
file:C:\Microsemi\Libero_SoC_v11.9\SynplifyPro\bin\c_hdl.exe|io:i|time:1509011716|size:1338368|exec:1|csum:4BE9471CC8F1F34D3F79DD6F3C07C7F5
file:C:\Microsemi\Libero_SoC_v11.9\SynplifyPro\bin64\c_hdl.exe|io:i|time:1509011924|size:1754112|exec:1|csum:0724D6BF71D325162DC071CC1383571C
