Target Part: A2F200M3F_FBGA484_STD
Report for cell Top.rtl
  Core Cell usage:
              cell count     area count*area
               AO1    20      1.0       20.0
              AO1A     9      1.0        9.0
              AX1B    29      1.0       29.0
              BUFF     2      1.0        2.0
            CLKINT     2      0.0        0.0
               GND     8      0.0        0.0
           MSS_APB     1      0.0        0.0
           MSS_CCC     1      0.0        0.0
               MX2    42      1.0       42.0
              MX2A     2      1.0        2.0
              NOR2    10      1.0       10.0
             NOR2A    10      1.0       10.0
             NOR2B    24      1.0       24.0
              NOR3     7      1.0        7.0
             NOR3A    24      1.0       24.0
             NOR3B    12      1.0       12.0
             NOR3C    36      1.0       36.0
               OA1     1      1.0        1.0
              OA1A     3      1.0        3.0
              OA1C     1      1.0        1.0
               OR2    43      1.0       43.0
              OR2A     6      1.0        6.0
              OR2B     2      1.0        2.0
               OR3    15      1.0       15.0
              OR3A     7      1.0        7.0
              OR3C     1      1.0        1.0
             RCOSC     1      0.0        0.0
               VCC     8      0.0        0.0
              XA1C     2      1.0        2.0
             XNOR2     1      1.0        1.0
              XOR2     3      1.0        3.0


            DFN1C0    41      1.0       41.0
          DFN1E1C0    39      1.0       39.0
          DFN1E1P0    31      1.0       31.0
            DFN1P0     7      1.0        7.0
              DLN1    24      1.0       24.0
                   -----          ----------
             TOTAL   475               454.0


  IO Cell usage:
              cell count
         BIBUF_MSS     2
         INBUF_MSS     3
            OUTBUF     8
        OUTBUF_MSS     1
       TRIBUFF_MSS     1
                   -----
             TOTAL    15


Core Cells         : 454 of 4608 (10%)
IO Cells           : 15

  RAM/ROM Usage Summary
Block Rams : 0 of 8 (0%)

